<?xml version="1.0" encoding="UTF-8"?>
<!-- Generated by org.testng.reporters.JUnitReportReporter -->
<testsuite hostname="LAPTOP-UNUHILRT" failures="0" tests="3" name="com.bigbasket.login.cucumberscript.BigbasketAddProductCucumberScript" time="0.006" errors="1" timestamp="2022-05-23T14:38:27 IST" skipped="2">
  <testcase classname="com.bigbasket.login.cucumberscript.BigbasketAddProductCucumberScript" name="i_have_opened_a_browser" time="0.006">
    <error message="Cannot invoke &quot;org.openqa.selenium.WebDriver.manage()&quot; because &quot;com.resuseMethods.UtilsResusable.driver&quot; is null" type="java.lang.NullPointerException">
      <![CDATA[java.lang.NullPointerException: Cannot invoke "org.openqa.selenium.WebDriver.manage()" because "com.resuseMethods.UtilsResusable.driver" is null
at com.resuseMethods.UtilsResusable.launchURL(UtilsResusable.java:112)
at com.bigbasket.login.cucumberscript.BigbasketAddProductCucumberScript.i_have_opened_a_browser(BigbasketAddProductCucumberScript.java:29)
at java.base/jdk.internal.reflect.NativeMethodAccessorImpl.invoke0(Native Method)
at java.base/jdk.internal.reflect.NativeMethodAccessorImpl.invoke(NativeMethodAccessorImpl.java:77)
at java.base/jdk.internal.reflect.DelegatingMethodAccessorImpl.invoke(DelegatingMethodAccessorImpl.java:43)
at java.base/java.lang.reflect.Method.invoke(Method.java:568)
at org.testng.internal.invokers.MethodInvocationHelper.invokeMethod(MethodInvocationHelper.java:135)
at org.testng.internal.invokers.MethodInvocationHelper.invokeMethodConsideringTimeout(MethodInvocationHelper.java:65)
at org.testng.internal.invokers.ConfigInvoker.invokeConfigurationMethod(ConfigInvoker.java:381)
at org.testng.internal.invokers.ConfigInvoker.invokeConfigurations(ConfigInvoker.java:319)
at org.testng.internal.invokers.TestMethodWorker.invokeBeforeClassMethods(TestMethodWorker.java:178)
at org.testng.internal.invokers.TestMethodWorker.run(TestMethodWorker.java:122)
at java.base/java.util.ArrayList.forEach(ArrayList.java:1511)
at org.testng.TestRunner.privateRun(TestRunner.java:808)
at org.testng.TestRunner.run(TestRunner.java:603)
at org.testng.SuiteRunner.runTest(SuiteRunner.java:429)
at org.testng.SuiteRunner.runSequentially(SuiteRunner.java:423)
at org.testng.SuiteRunner.privateRun(SuiteRunner.java:383)
at org.testng.SuiteRunner.run(SuiteRunner.java:326)
at org.testng.SuiteRunnerWorker.runSuite(SuiteRunnerWorker.java:52)
at org.testng.SuiteRunnerWorker.run(SuiteRunnerWorker.java:95)
at org.testng.TestNG.runSuitesSequentially(TestNG.java:1249)
at org.testng.TestNG.runSuitesLocally(TestNG.java:1169)
at org.testng.TestNG.runSuites(TestNG.java:1092)
at org.testng.TestNG.run(TestNG.java:1060)
at org.testng.remote.AbstractRemoteTestNG.run(AbstractRemoteTestNG.java:115)
at org.testng.remote.RemoteTestNG.initAndRun(RemoteTestNG.java:251)
at org.testng.remote.RemoteTestNG.main(RemoteTestNG.java:77)
]]>
    </error>
  </testcase> <!-- i_have_opened_a_browser -->
  <system-out/>
  <testcase classname="com.bigbasket.login.cucumberscript.BigbasketAddProductCucumberScript" name="i_add_the_product" time="0.000">
    <skipped/>
  </testcase> <!-- i_add_the_product -->
  <system-out/>
  <testcase classname="com.bigbasket.login.cucumberscript.BigbasketAddProductCucumberScript" name="navigate_to_the_basket" time="0.000">
    <skipped/>
  </testcase> <!-- navigate_to_the_basket -->
  <system-out/>
</testsuite> <!-- com.bigbasket.login.cucumberscript.BigbasketAddProductCucumberScript -->
