<?xml version="1.0" encoding="UTF-8"?>
<!-- Generated by org.testng.reporters.JUnitReportReporter -->
<testsuite hostname="LAPTOP-UNUHILRT" failures="0" tests="1" name="com.bigbasket.login.cucumberrunner.BigbasketAddProductCucumberRun" time="44.746" errors="0" timestamp="2022-05-24T00:33:47 IST" skipped="0">
  <testcase classname="com.bigbasket.login.cucumberrunner.BigbasketAddProductCucumberRun" name="runScenario" time="44.746"/>
  <system-out/>
</testsuite> <!-- com.bigbasket.login.cucumberrunner.BigbasketAddProductCucumberRun -->
