<?xml version="1.0" encoding="UTF-8"?>
<!-- Generated by org.testng.reporters.JUnitReportReporter -->
<testsuite hostname="LAPTOP-UNUHILRT" failures="0" tests="1" name="com.bigbasket.login.cucumberrunner.BigbasketAddProductCucumberRun" time="28.188" errors="1" timestamp="2022-05-23T14:57:51 IST" skipped="0">
  <testcase classname="com.bigbasket.login.cucumberrunner.BigbasketAddProductCucumberRun" name="runScenario" time="28.188">
    <error message="Can&#039;t create an ImageOutputStream!" type="javax.imageio.IIOException">
      <![CDATA[javax.imageio.IIOException: Can't create an ImageOutputStream!
at java.desktop/javax.imageio.ImageIO.write(ImageIO.java:1553)
at com.resuseMethods.UtilsResusable.takeScreenshot(UtilsResusable.java:157)
at com.bigbasket.callmethods.ViewBasket.viewAndEmptyBasket(ViewBasket.java:42)
at com.bigbasket.login.cucumberscript.BigbasketAddProductCucumberScript.navigate_to_the_basket(BigbasketAddProductCucumberScript.java:55)
at ✽.navigate to the basket(file:///C:/Users/Surendra%20Anand%20R/eclipse-workspace/CaseStudy/Feature/com/bigbasket/login/cucumberfeature/bigbasket.feature:17)
]]>
    </error>
  </testcase> <!-- runScenario -->
  <system-out/>
</testsuite> <!-- com.bigbasket.login.cucumberrunner.BigbasketAddProductCucumberRun -->
