<?xml version="1.0" encoding="UTF-8"?>
<testng-results ignored="0" total="1" passed="1" failed="0" skipped="0">
  <reporter-output>
  </reporter-output>
  <suite started-at="2022-05-24T00:33:02 IST" name="Default suite" finished-at="2022-05-24T00:33:47 IST" duration-ms="45392">
    <groups>
      <group name="cucumber">
        <method signature="AbstractTestNGCucumberTests.runScenario(io.cucumber.testng.PickleWrapper,io.cucumber.testng.FeatureWrapper)[pri:0, instance:com.bigbasket.login.cucumberrunner.BigbasketAddProductCucumberRun@145f66e3]" name="runScenario" class="io.cucumber.testng.AbstractTestNGCucumberTests"/>
      </group> <!-- cucumber -->
    </groups>
    <test started-at="2022-05-24T00:33:02 IST" name="Default test" finished-at="2022-05-24T00:33:47 IST" duration-ms="45392">
      <class name="com.bigbasket.login.cucumberrunner.BigbasketAddProductCucumberRun">
        <test-method is-config="true" signature="setUpClass(org.testng.ITestContext)[pri:0, instance:com.bigbasket.login.cucumberrunner.BigbasketAddProductCucumberRun@145f66e3]" started-at="2022-05-24T00:33:02 IST" name="setUpClass" finished-at="2022-05-24T00:33:02 IST" duration-ms="567" status="PASS">
          <params>
            <param index="0">
              <value>
                <![CDATA[org.testng.TestRunner@12d2ddde]]>
              </value>
            </param>
          </params>
          <reporter-output>
          </reporter-output>
        </test-method> <!-- setUpClass -->
        <test-method signature="runScenario(io.cucumber.testng.PickleWrapper,io.cucumber.testng.FeatureWrapper)[pri:0, instance:com.bigbasket.login.cucumberrunner.BigbasketAddProductCucumberRun@145f66e3]" started-at="2022-05-24T00:33:02 IST" name="runScenario" description="Runs Cucumber Scenarios" data-provider="scenarios" finished-at="2022-05-24T00:33:47 IST" duration-ms="44746" status="PASS">
          <params>
            <param index="0">
              <value>
                <![CDATA["Add products that are required"]]>
              </value>
            </param>
            <param index="1">
              <value>
                <![CDATA["Add products to the bigbasket cart"]]>
              </value>
            </param>
          </params>
          <reporter-output>
          </reporter-output>
        </test-method> <!-- runScenario -->
        <test-method is-config="true" signature="tearDownClass()[pri:0, instance:com.bigbasket.login.cucumberrunner.BigbasketAddProductCucumberRun@145f66e3]" started-at="2022-05-24T00:33:47 IST" name="tearDownClass" finished-at="2022-05-24T00:33:47 IST" duration-ms="13" status="PASS">
          <reporter-output>
          </reporter-output>
        </test-method> <!-- tearDownClass -->
      </class> <!-- com.bigbasket.login.cucumberrunner.BigbasketAddProductCucumberRun -->
    </test> <!-- Default test -->
  </suite> <!-- Default suite -->
</testng-results>
