<?xml version="1.0" encoding="UTF-8"?>
<testng-results ignored="0" total="1" passed="0" failed="1" skipped="0">
  <reporter-output>
  </reporter-output>
  <suite started-at="2022-05-23T14:57:22 IST" name="Default suite" finished-at="2022-05-23T14:57:51 IST" duration-ms="28447">
    <groups>
      <group name="cucumber">
        <method signature="AbstractTestNGCucumberTests.runScenario(io.cucumber.testng.PickleWrapper,io.cucumber.testng.FeatureWrapper)[pri:0, instance:com.bigbasket.login.cucumberrunner.BigbasketAddProductCucumberRun@145f66e3]" name="runScenario" class="io.cucumber.testng.AbstractTestNGCucumberTests"/>
      </group> <!-- cucumber -->
    </groups>
    <test started-at="2022-05-23T14:57:22 IST" name="Default test" finished-at="2022-05-23T14:57:51 IST" duration-ms="28447">
      <class name="com.bigbasket.login.cucumberrunner.BigbasketAddProductCucumberRun">
        <test-method is-config="true" signature="setUpClass(org.testng.ITestContext)[pri:0, instance:com.bigbasket.login.cucumberrunner.BigbasketAddProductCucumberRun@145f66e3]" started-at="2022-05-23T14:57:22 IST" name="setUpClass" finished-at="2022-05-23T14:57:23 IST" duration-ms="228" status="PASS">
          <params>
            <param index="0">
              <value>
                <![CDATA[org.testng.TestRunner@47b269c4]]>
              </value>
            </param>
          </params>
          <reporter-output>
          </reporter-output>
        </test-method> <!-- setUpClass -->
        <test-method signature="runScenario(io.cucumber.testng.PickleWrapper,io.cucumber.testng.FeatureWrapper)[pri:0, instance:com.bigbasket.login.cucumberrunner.BigbasketAddProductCucumberRun@145f66e3]" started-at="2022-05-23T14:57:23 IST" name="runScenario" description="Runs Cucumber Scenarios" data-provider="scenarios" finished-at="2022-05-23T14:57:51 IST" duration-ms="28188" status="FAIL">
          <params>
            <param index="0">
              <value>
                <![CDATA["Add products that are required"]]>
              </value>
            </param>
            <param index="1">
              <value>
                <![CDATA["Add products to the bigbasket cart"]]>
              </value>
            </param>
          </params>
          <exception class="javax.imageio.IIOException">
            <message>
              <![CDATA[Can't create an ImageOutputStream!]]>
            </message>
            <full-stacktrace>
              <![CDATA[javax.imageio.IIOException: Can't create an ImageOutputStream!
at java.desktop/javax.imageio.ImageIO.write(ImageIO.java:1553)
at com.resuseMethods.UtilsResusable.takeScreenshot(UtilsResusable.java:157)
at com.bigbasket.callmethods.ViewBasket.viewAndEmptyBasket(ViewBasket.java:42)
at com.bigbasket.login.cucumberscript.BigbasketAddProductCucumberScript.navigate_to_the_basket(BigbasketAddProductCucumberScript.java:55)
at ✽.navigate to the basket(file:///C:/Users/Surendra%20Anand%20R/eclipse-workspace/CaseStudy/Feature/com/bigbasket/login/cucumberfeature/bigbasket.feature:17)
]]>
            </full-stacktrace>
          </exception> <!-- javax.imageio.IIOException -->
          <reporter-output>
          </reporter-output>
        </test-method> <!-- runScenario -->
        <test-method is-config="true" signature="tearDownClass()[pri:0, instance:com.bigbasket.login.cucumberrunner.BigbasketAddProductCucumberRun@145f66e3]" started-at="2022-05-23T14:57:51 IST" name="tearDownClass" finished-at="2022-05-23T14:57:51 IST" duration-ms="5" status="PASS">
          <reporter-output>
          </reporter-output>
        </test-method> <!-- tearDownClass -->
      </class> <!-- com.bigbasket.login.cucumberrunner.BigbasketAddProductCucumberRun -->
    </test> <!-- Default test -->
  </suite> <!-- Default suite -->
</testng-results>
