<?xml version="1.0" encoding="UTF-8"?>
<!-- Generated by org.testng.reporters.JUnitXMLReporter -->
<testsuite ignored="0" hostname="LAPTOP-UNUHILRT" failures="1" tests="1" name="Default test" time="28.447" errors="0" timestamp="2022-05-23T14:57:51 IST">
  <testcase classname="io.cucumber.testng.AbstractTestNGCucumberTests" name="runScenario" time="28.188">
    <failure type="javax.imageio.IIOException" message="Can&amp;apos;t create an ImageOutputStream!">
      <![CDATA[javax.imageio.IIOException: Can't create an ImageOutputStream!
at java.desktop/javax.imageio.ImageIO.write(ImageIO.java:1553)
at com.resuseMethods.UtilsResusable.takeScreenshot(UtilsResusable.java:157)
at com.bigbasket.callmethods.ViewBasket.viewAndEmptyBasket(ViewBasket.java:42)
at com.bigbasket.login.cucumberscript.BigbasketAddProductCucumberScript.navigate_to_the_basket(BigbasketAddProductCucumberScript.java:55)
at ✽.navigate to the basket(file:///C:/Users/Surendra%20Anand%20R/eclipse-workspace/CaseStudy/Feature/com/bigbasket/login/cucumberfeature/bigbasket.feature:17)
]]>
    </failure>
  </testcase> <!-- runScenario -->
</testsuite> <!-- Default test -->
